{"/home/alef/Documents/MyPrograms/Microverse/testing-practice/stringLength.js": {"path":"/home/alef/Documents/MyPrograms/Microverse/testing-practice/stringLength.js","statementMap":{"0":{"start":{"line":2,"column":25},"end":{"line":4,"column":4}},"1":{"start":{"line":3,"column":5},"end":{"line":3,"column":35}},"2":{"start":{"line":6,"column":25},"end":{"line":19,"column":3}},"3":{"start":{"line":7,"column":4},"end":{"line":15,"column":5}},"4":{"start":{"line":9,"column":6},"end":{"line":9,"column":50}},"5":{"start":{"line":11,"column":11},"end":{"line":15,"column":5}},"6":{"start":{"line":13,"column":6},"end":{"line":13,"column":53}},"7":{"start":{"line":17,"column":6},"end":{"line":17,"column":23}},"8":{"start":{"line":21,"column":0},"end":{"line":21,"column":23}}},"fnMap":{"0":{"name":"(anonymous_0)","decl":{"start":{"line":2,"column":25},"end":{"line":2,"column":26}},"loc":{"start":{"line":2,"column":34},"end":{"line":4,"column":4}},"line":2},"1":{"name":"(anonymous_1)","decl":{"start":{"line":6,"column":25},"end":{"line":6,"column":26}},"loc":{"start":{"line":6,"column":34},"end":{"line":19,"column":3}},"line":6}},"branchMap":{"0":{"loc":{"start":{"line":7,"column":4},"end":{"line":15,"column":5}},"type":"if","locations":[{"start":{"line":7,"column":4},"end":{"line":15,"column":5}},{"start":{"line":7,"column":4},"end":{"line":15,"column":5}}],"line":7},"1":{"loc":{"start":{"line":11,"column":11},"end":{"line":15,"column":5}},"type":"if","locations":[{"start":{"line":11,"column":11},"end":{"line":15,"column":5}},{"start":{"line":11,"column":11},"end":{"line":15,"column":5}}],"line":11}},"s":{"0":1,"1":3,"2":1,"3":3,"4":1,"5":2,"6":1,"7":1,"8":1},"f":{"0":3,"1":3},"b":{"0":[1,2],"1":[1,1]},"_coverageSchema":"1a1c01bbd47fc00a2c39e90264f33305004495a9","hash":"c19d1ae2417abf2152da8fdc0660a453fbf00efe"}
}
