TN:
SF:Exercises/calculator.js
FN:2,(anonymous_0)
FN:7,(anonymous_1)
FN:12,(anonymous_2)
FN:17,(anonymous_3)
FN:23,(anonymous_4)
FN:24,(anonymous_5)
FN:31,(anonymous_6)
FNF:7
FNH:7
FNDA:3,(anonymous_0)
FNDA:3,(anonymous_1)
FNDA:3,(anonymous_2)
FNDA:3,(anonymous_3)
FNDA:12,(anonymous_4)
FNDA:20,(anonymous_5)
FNDA:2,(anonymous_6)
DA:3,3
DA:4,2
DA:8,3
DA:9,2
DA:13,3
DA:14,2
DA:18,3
DA:19,2
DA:20,1
DA:23,1
DA:24,12
DA:25,20
DA:26,4
DA:31,1
DA:32,2
DA:33,1
DA:38,1
LF:17
LH:17
BRDA:25,0,0,4
BRDA:25,0,1,16
BRDA:32,1,0,1
BRDA:32,1,1,1
BRF:4
BRH:4
end_of_record
TN:
SF:Exercises/reverseString.js
FN:1,(anonymous_0)
FNF:1
FNH:1
FNDA:1,(anonymous_0)
DA:1,1
DA:2,1
DA:8,1
LF:3
LH:3
BRF:0
BRH:0
end_of_record
TN:
SF:Exercises/stringLength.js
FN:1,(anonymous_0)
FNF:1
FNH:1
FNDA:3,(anonymous_0)
DA:1,1
DA:2,3
DA:4,1
DA:6,2
DA:8,1
DA:12,1
DA:15,1
LF:7
LH:7
BRDA:2,0,0,1
BRDA:2,0,1,2
BRDA:6,1,0,1
BRDA:6,1,1,1
BRF:4
BRH:4
end_of_record
